/venv/main/lib/python3.12/site-packages/timm/models/layers/__init__.py:49: FutureWarning: Importing from timm.models.layers is deprecated, please import via timm.layers
  warnings.warn(f"Importing from {__name__} is deprecated, please import via timm.layers", FutureWarning)
[cfg] mode=finetune device=cuda out=runs/ns_ft_01_from_pretrain_s1
wandb: [wandb.login()] Loaded credentials for https://api.wandb.ai from WANDB_API_KEY.
wandb: Currently logged in as: sdelaurentiis123 (sdelaurentiis123-columbia-university) to https://api.wandb.ai. Use `wandb login --relogin` to force relogin
wandb: setting up run izxl7w3c
wandb: Tracking run with wandb version 0.26.0
wandb: Run data is saved locally in /root/well-work/wandb/run-20260422_075605-izxl7w3c
wandb: Run `wandb offline` to turn off syncing.
wandb: Syncing run ns_ft_01_from_pretrain_s1
wandb: ⭐️ View project at https://wandb.ai/sdelaurentiis123-columbia-university/well-work-p1
wandb: 🚀 View run at https://wandb.ai/sdelaurentiis123-columbia-university/well-work-p1/runs/izxl7w3c
[data] base=/root/data/datasets  resolving MHD_64 windows by M_A split...
[data] train(M_A=0.7): 3663 windows  val(M_A=0.7): 495 windows  (0.0s)
[data] fine-tune data_frac=0.01 -> 36 train windows
[model] FNO3D  params=18.62M
  loaded runs/ns_pretrain_s1/best.pt  missing=0 unexpected=0
/venv/main/lib/python3.12/site-packages/tltorch/factorized_tensors/factorized_tensors.py:66: UserWarning: Using a non-tuple sequence for multidimensional indexing is deprecated and will be changed in pytorch 2.9; use x[tuple(seq)] instead of x[seq]. In pytorch 2.9 this will be interpreted as tensor index, x[torch.tensor(seq)], which will result either in an error or a different result (Triggered internally at /pytorch/torch/csrc/autograd/python_variable_indexing.cpp:347.)
  return self.__class__(self.tensor[indices])
/venv/main/lib/python3.12/site-packages/neuralop/layers/spectral_convolution.py:459: UserWarning: Using a non-tuple sequence for multidimensional indexing is deprecated and will be changed in pytorch 2.9; use x[tuple(seq)] instead of x[seq]. In pytorch 2.9 this will be interpreted as tensor index, x[torch.tensor(seq)], which will result either in an error or a different result (Triggered internally at /pytorch/torch/csrc/autograd/python_variable_indexing.cpp:347.)
  out_fft[slices_x] = self._contract(x[slices_x], weight, separable=False)
[ep 00] train=1.4192  val=1.3257  time=19.0s
  -> new best 1.3257, ckpt saved
[ep 01] train=1.2725  val=1.2064  time=17.7s
  -> new best 1.2064, ckpt saved
[ep 02] train=1.1522  val=1.1339  time=17.8s
  -> new best 1.1339, ckpt saved
[ep 03] train=1.0894  val=1.0705  time=17.7s
  -> new best 1.0705, ckpt saved
[ep 04] train=1.0292  val=1.0098  time=17.5s
  -> new best 1.0098, ckpt saved
[ep 05] train=0.9706  val=0.9549  time=18.1s
  -> new best 0.9549, ckpt saved
[ep 06] train=0.9084  val=0.8946  time=18.1s
  -> new best 0.8946, ckpt saved
[ep 07] train=0.8432  val=0.8310  time=18.1s
  -> new best 0.8310, ckpt saved
[ep 08] train=0.7832  val=0.7634  time=17.9s
  -> new best 0.7634, ckpt saved
[ep 09] train=0.7164  val=0.6989  time=17.9s
  -> new best 0.6989, ckpt saved
[ep 10] train=0.6600  val=0.6545  time=17.6s
  -> new best 0.6545, ckpt saved
[ep 11] train=0.6299  val=0.6436  time=18.0s
  -> new best 0.6436, ckpt saved
[ep 12] train=0.6180  val=0.6290  time=17.8s
  -> new best 0.6290, ckpt saved
[ep 13] train=0.5976  val=0.6127  time=17.7s
  -> new best 0.6127, ckpt saved
[ep 14] train=0.5859  val=0.6039  time=17.8s
  -> new best 0.6039, ckpt saved
[ep 15] train=0.5755  val=0.5957  time=17.9s
  -> new best 0.5957, ckpt saved
[ep 16] train=0.5712  val=0.5888  time=17.4s
  -> new best 0.5888, ckpt saved
[ep 17] train=0.5640  val=0.5830  time=17.5s
  -> new best 0.5830, ckpt saved
[ep 18] train=0.5574  val=0.5783  time=17.6s
  -> new best 0.5783, ckpt saved
[ep 19] train=0.5515  val=0.5739  time=17.6s
  -> new best 0.5739, ckpt saved
[ep 20] train=0.5487  val=0.5705  time=18.0s
  -> new best 0.5705, ckpt saved
[ep 21] train=0.5439  val=0.5676  time=18.0s
  -> new best 0.5676, ckpt saved
[ep 22] train=0.5420  val=0.5652  time=18.0s
  -> new best 0.5652, ckpt saved
[ep 23] train=0.5388  val=0.5629  time=18.0s
  -> new best 0.5629, ckpt saved
[ep 24] train=0.5365  val=0.5613  time=17.7s
  -> new best 0.5613, ckpt saved
[ep 25] train=0.5340  val=0.5597  time=17.4s
  -> new best 0.5597, ckpt saved
[ep 26] train=0.5352  val=0.5585  time=18.0s
  -> new best 0.5585, ckpt saved
[ep 27] train=0.5338  val=0.5575  time=18.0s
  -> new best 0.5575, ckpt saved
[ep 28] train=0.5316  val=0.5565  time=17.5s
  -> new best 0.5565, ckpt saved
[ep 29] train=0.5299  val=0.5559  time=17.8s
  -> new best 0.5559, ckpt saved
[ep 30] train=0.5292  val=0.5552  time=17.3s
  -> new best 0.5552, ckpt saved
[ep 31] train=0.5306  val=0.5547  time=17.6s
  -> new best 0.5547, ckpt saved
[ep 32] train=0.5267  val=0.5543  time=17.9s
  -> new best 0.5543, ckpt saved
[ep 33] train=0.5292  val=0.5541  time=18.2s
  -> new best 0.5541, ckpt saved
[ep 34] train=0.5276  val=0.5539  time=17.8s
  -> new best 0.5539, ckpt saved
[ep 35] train=0.5257  val=0.5537  time=17.8s
  -> new best 0.5537, ckpt saved
[ep 36] train=0.5273  val=0.5536  time=17.7s
  -> new best 0.5536, ckpt saved
[ep 37] train=0.5275  val=0.5536  time=17.7s
  -> new best 0.5536, ckpt saved
[ep 38] train=0.5280  val=0.5535  time=17.7s
  -> new best 0.5535, ckpt saved
[ep 39] train=0.5249  val=0.5535  time=18.0s
  -> new best 0.5535, ckpt saved
[done] best_val_vrmse=0.5535
wandb: updating run metadata
wandb: uploading wandb-summary.json; uploading config.yaml; uploading output.log
wandb: uploading history steps 55-55, summary, console lines 87-89
wandb: 
wandb: Run history:
wandb:             epoch ▁▁▁▂▂▂▂▂▂▃▃▃▃▃▄▄▄▄▄▄▅▅▅▅▅▅▆▆▆▆▆▇▇▇▇▇▇███
wandb: epoch/train_vrmse █▇▆▅▅▄▄▃▃▂▂▂▂▂▁▁▁▁▁▁▁▁▁▁▁▁▁▁▁▁▁▁▁▁▁▁▁▁▁▁
wandb:   epoch/val_vrmse █▇▆▆▅▅▄▄▃▂▂▂▂▂▁▁▁▁▁▁▁▁▁▁▁▁▁▁▁▁▁▁▁▁▁▁▁▁▁▁
wandb:                lr ██▇▇▆▆▅▅▄▃▃▂▂▁▁▁
wandb:              step ▁▁▂▂▃▃▄▄▅▅▆▆▇▇██
wandb:       train/vrmse █▇▅▃▂▂▂▁▁▁▁▁▁▁▁▁
wandb: 
wandb: Run summary:
wandb:    best_val_vrmse 0.55353
wandb:             epoch 39
wandb: epoch/train_vrmse 0.5249
wandb:   epoch/val_vrmse 0.55353
wandb:                lr 0
wandb:              step 160
wandb:       train/vrmse 0.52598
wandb: 
wandb: 🚀 View run ns_ft_01_from_pretrain_s1 at: https://wandb.ai/sdelaurentiis123-columbia-university/well-work-p1/runs/izxl7w3c
wandb: ⭐️ View project at: https://wandb.ai/sdelaurentiis123-columbia-university/well-work-p1
wandb: Synced 5 W&B file(s), 0 media file(s), 0 artifact file(s) and 0 other file(s)
wandb: Find logs at: ./wandb/run-20260422_075605-izxl7w3c/logs
