/venv/main/lib/python3.12/site-packages/timm/models/layers/__init__.py:49: FutureWarning: Importing from timm.models.layers is deprecated, please import via timm.layers
  warnings.warn(f"Importing from {__name__} is deprecated, please import via timm.layers", FutureWarning)
[cfg] out=runs/ns_pretrain_s1  device=cuda
wandb: [wandb.login()] Loaded credentials for https://api.wandb.ai from WANDB_API_KEY.
wandb: Currently logged in as: sdelaurentiis123 (sdelaurentiis123-columbia-university) to https://api.wandb.ai. Use `wandb login --relogin` to force relogin
wandb: setting up run jgu0oljr
wandb: Tracking run with wandb version 0.26.0
wandb: Run data is saved locally in /root/well-work/wandb/run-20260422_060702-jgu0oljr
wandb: Run `wandb offline` to turn off syncing.
wandb: Syncing run ns_pretrain_s1
wandb: ⭐️ View project at https://wandb.ai/sdelaurentiis123-columbia-university/well-work-p1
wandb: 🚀 View run at https://wandb.ai/sdelaurentiis123-columbia-university/well-work-p1/runs/jgu0oljr
[NS-Dataset] 37 files, 4292 windows
[NS-Dataset] schema: {'t0_fields': ['density', 'pressure', 'temperature'], 't1_fields': ['velocity'], 't2_fields': []}
[NS-Dataset] raw channels=6 -> padded to 7
[NS-Dataset] per-channel mean: [0.29, 0.063, 132557.969, -0.014, 0.016, -0.033, 0.0]
[NS-Dataset] per-channel std:  [0.7559999823570251, 7.34499979019165, 1591408.25, 1.3209999799728394, 1.2949999570846558, 1.2970000505447388, 0.0]
[data] train_windows=3863  val_windows=429
[model] FNO3D params=18.62M
/venv/main/lib/python3.12/site-packages/tltorch/factorized_tensors/factorized_tensors.py:66: UserWarning: Using a non-tuple sequence for multidimensional indexing is deprecated and will be changed in pytorch 2.9; use x[tuple(seq)] instead of x[seq]. In pytorch 2.9 this will be interpreted as tensor index, x[torch.tensor(seq)], which will result either in an error or a different result (Triggered internally at /pytorch/torch/csrc/autograd/python_variable_indexing.cpp:347.)
  return self.__class__(self.tensor[indices])
/venv/main/lib/python3.12/site-packages/neuralop/layers/spectral_convolution.py:459: UserWarning: Using a non-tuple sequence for multidimensional indexing is deprecated and will be changed in pytorch 2.9; use x[tuple(seq)] instead of x[seq]. In pytorch 2.9 this will be interpreted as tensor index, x[torch.tensor(seq)], which will result either in an error or a different result (Triggered internally at /pytorch/torch/csrc/autograd/python_variable_indexing.cpp:347.)
  out_fft[slices_x] = self._contract(x[slices_x], weight, separable=False)
[ep 00] train=0.5980  val=0.4747  time=122.7s
  -> new best 0.4747, ckpt saved
[ep 01] train=0.4445  val=0.4719  time=121.5s
  -> new best 0.4719, ckpt saved
[ep 02] train=0.4214  val=0.4063  time=121.7s
  -> new best 0.4063, ckpt saved
[ep 03] train=0.4049  val=0.4021  time=121.4s
  -> new best 0.4021, ckpt saved
[ep 04] train=0.4011  val=0.4030  time=121.7s
[ep 05] train=0.3907  val=0.3945  time=121.6s
  -> new best 0.3945, ckpt saved
[ep 06] train=0.3839  val=0.3877  time=121.7s
  -> new best 0.3877, ckpt saved
[ep 07] train=0.3788  val=0.3873  time=121.7s
  -> new best 0.3873, ckpt saved
[ep 08] train=0.3722  val=0.3817  time=121.6s
  -> new best 0.3817, ckpt saved
[ep 09] train=0.3656  val=0.3794  time=121.6s
  -> new best 0.3794, ckpt saved
[ep 10] train=0.3600  val=0.3759  time=121.5s
  -> new best 0.3759, ckpt saved
[ep 11] train=0.3548  val=0.3786  time=121.6s
[ep 12] train=0.3495  val=0.3720  time=121.5s
  -> new best 0.3720, ckpt saved
[ep 13] train=0.3453  val=0.3738  time=121.6s
[ep 14] train=0.3409  val=0.3697  time=121.6s
  -> new best 0.3697, ckpt saved
[ep 15] train=0.3370  val=0.3696  time=121.6s
  -> new best 0.3696, ckpt saved
[ep 16] train=0.3342  val=0.3682  time=121.7s
  -> new best 0.3682, ckpt saved
[ep 17] train=0.3320  val=0.3676  time=121.6s
  -> new best 0.3676, ckpt saved
[ep 18] train=0.3308  val=0.3674  time=121.5s
  -> new best 0.3674, ckpt saved
[ep 19] train=0.3300  val=0.3674  time=121.5s
[done] best_val_vrmse=0.3674
wandb: uploading history steps 951-956, summary; updating run metadata
wandb: uploading history steps 951-956, summary
wandb: uploading history steps 957-976, summary
wandb: uploading history steps 977-983, summary, console lines 46-47
wandb: 
wandb: Run history:
wandb:             epoch ▁▁▂▂▂▃▃▄▄▄▅▅▅▆▆▇▇▇██
wandb: epoch/train_vrmse █▄▃▃▃▃▂▂▂▂▂▂▂▁▁▁▁▁▁▁
wandb:   epoch/val_vrmse ██▄▃▃▃▂▂▂▂▂▂▁▁▁▁▁▁▁▁
wandb:                lr ██████████▇▇▇▆▆▅▅▅▅▅▄▄▃▃▃▃▂▂▂▂▂▂▂▂▁▁▁▁▁▁
wandb:              step ▁▂▂▂▃▃▃▃▃▃▄▄▄▄▄▄▄▄▄▅▅▅▅▅▅▆▆▆▆▆▆▇▇▇▇▇▇▇██
wandb:       train/vrmse █▇▄▃▃▃▂▂▂▂▂▃▂▂▂▂▂▂▂▂▂▂▂▂▂▁▁▂▂▂▁▂▂▁▂▁▁▂▁▁
wandb: 
wandb: Run summary:
wandb:    best_val_vrmse 0.36744
wandb:             epoch 19
wandb: epoch/train_vrmse 0.33004
wandb:   epoch/val_vrmse 0.36745
wandb:                lr 0
wandb:              step 9640
wandb:       train/vrmse 0.28542
wandb: 
wandb: 🚀 View run ns_pretrain_s1 at: https://wandb.ai/sdelaurentiis123-columbia-university/well-work-p1/runs/jgu0oljr
wandb: ⭐️ View project at: https://wandb.ai/sdelaurentiis123-columbia-university/well-work-p1
wandb: Synced 5 W&B file(s), 0 media file(s), 0 artifact file(s) and 0 other file(s)
wandb: Find logs at: ./wandb/run-20260422_060702-jgu0oljr/logs
